Starting extraction...
python : Traceback (most recent call last):
At C:\Users\LE HUY KHOI\AppData\Local\Temp\ps-script-300dcf7e-959c-4e9c-ba47-31fd34325e74.ps1:84 char:1
+ python extract_questions.py 2>&1 | Out-File -Encoding utf8 log.txt; G ...
+ ~~~~~~~~~~~~~~~~~~~~~~~~~~~~~~~~
    + CategoryInfo          : NotSpecified: (Traceback (most recent call last)::String) [], RemoteException
    + FullyQualifiedErrorId : NativeCommandError
 
  File "D:\cnxh\extract_questions.py", line 115, in <module>
    print(f"Processing: {pdf_file} ({chapter_name})...")
  File "C:\Users\LE HUY KHOI\AppData\Local\Programs\Python\Python312\Lib\encodings\cp1252.py", line 19, in encode
    return codecs.charmap_encode(input,self.errors,encoding_table)[0]
           ^^^^^^^^^^^^^^^^^^^^^^^^^^^^^^^^^^^^^^^^^^^^^^^^^^^^^^^
UnicodeEncodeError: 'charmap' codec can't encode characters in position 14-15: character maps to <undefined>
